Configuration file: /home/action/silshack/spring2014/_config.yml
            Source: /home/action/silshack/spring2014
       Destination: /home/action/silshack/spring2014/_site
      Generating... done.
    Server address: http://0.0.0.0:4000
  Server running... press ctrl-c to stop.
Configuration file: /home/action/silshack/spring2014/_config.yml
            Source: /home/action/silshack/spring2014
       Destination: /home/action/silshack/spring2014/_site
      Generating... done.
 Auto-regeneration: enabled
    Server address: http://0.0.0.0:4000
  Server running... press ctrl-c to stop.
      Regenerating: 1 files at 2014-01-24 01:49:37 ...done.
Configuration file: /home/action/silshack/spring2014/_config.yml
            Source: /home/action/silshack/spring2014
       Destination: /home/action/silshack/spring2014/_site
      Generating... done.
 Auto-regeneration: enabled
    Server address: http://0.0.0.0:4000
  Server running... press ctrl-c to stop.
      Regenerating: 1 files at 2014-01-24 02:07:03 ...done.
      Regenerating: 1 files at 2014-01-24 02:08:08 ...done.
      Regenerating: 2 files at 2014-01-24 02:08:18 ...done.
